<?xml version="1.0" encoding="UTF-8"?>
<!-- Generated by org.testng.reporters.JUnitReportReporter -->
<testsuite hostname="DESKTOP-AB28KPC" failures="0" tests="5" name="TestNG.testNG_methods" time="0.013" errors="0" timestamp="2021-01-26T15:09:15 IST" skipped="0">
  <testcase classname="TestNG.testNG_methods" name="test_3" time="0.002"/>
  <system-out/>
  <testcase classname="TestNG.testNG_methods" name="test_1" time="0.002"/>
  <system-out/>
  <testcase classname="TestNG.testNG_methods" name="test_5" time="0.002"/>
  <system-out/>
  <testcase classname="TestNG.testNG_methods" name="test_4" time="0.003"/>
  <system-out/>
  <testcase classname="TestNG.testNG_methods" name="test_2" time="0.004"/>
  <system-out/>
</testsuite> <!-- TestNG.testNG_methods -->
