<?xml version="1.0" encoding="UTF-8"?>
<!-- Generated by org.testng.reporters.JUnitReportReporter -->
<testsuite hostname="DESKTOP-AB28KPC" failures="0" tests="5" name="TestNG.Data_Provider_Demo1" time="0.026" errors="0" timestamp="2021-01-26T15:09:15 IST" skipped="0">
  <testcase classname="TestNG.Data_Provider_Demo1" name="test" time="0.005"/>
  <system-out/>
  <testcase classname="TestNG.Data_Provider_Demo1" name="test" time="0.003"/>
  <system-out/>
  <testcase classname="TestNG.Data_Provider_Demo1" name="test" time="0.003"/>
  <system-out/>
  <testcase classname="TestNG.Data_Provider_Demo1" name="test" time="0.009"/>
  <system-out/>
  <testcase classname="TestNG.Data_Provider_Demo1" name="test" time="0.006"/>
  <system-out/>
</testsuite> <!-- TestNG.Data_Provider_Demo1 -->
