<?xml version="1.0" encoding="UTF-8"?>
<!-- Generated by org.testng.reporters.JUnitReportReporter -->
<testsuite hostname="DESKTOP-AB28KPC" failures="0" tests="1" name="TestNG.A_first" time="0.009" errors="0" timestamp="2021-01-26T15:09:15 IST" skipped="0">
  <testcase classname="TestNG.A_first" name="sum" time="0.009"/>
  <system-out/>
</testsuite> <!-- TestNG.A_first -->
