<?xml version="1.0" encoding="UTF-8"?>
<!-- Generated by org.testng.reporters.JUnitReportReporter -->
<testsuite hostname="DESKTOP-AB28KPC" failures="0" tests="1" name="TestNG.Data_Annotations" time="47.526" errors="0" timestamp="2021-01-26T15:09:15 IST" skipped="0">
  <testcase classname="TestNG.Data_Annotations" name="testing" time="47.526"/>
  <system-out/>
</testsuite> <!-- TestNG.Data_Annotations -->
