<?xml version="1.0" encoding="UTF-8"?>
<!-- Generated by org.testng.reporters.JUnitReportReporter -->
<testsuite hostname="DESKTOP-AB28KPC" failures="0" tests="2" name="TestNG.Day_3" time="0.011" errors="0" timestamp="2021-01-26T15:09:15 IST" skipped="0">
  <testcase classname="TestNG.Day_3" name="website_gold" time="0.002"/>
  <system-out/>
  <testcase classname="TestNG.Day_3" name="gold" time="0.009"/>
  <system-out/>
</testsuite> <!-- TestNG.Day_3 -->
