<?xml version="1.0" encoding="UTF-8"?>
<!-- Generated by org.testng.reporters.JUnitReportReporter -->
<testsuite hostname="DESKTOP-AB28KPC" failures="0" tests="3" name="TestNG.Data_Provider_Demo" time="0.014" errors="0" timestamp="2021-01-26T15:09:15 IST" skipped="0">
  <testcase classname="TestNG.Data_Provider_Demo" name="run_dataProvider" time="0.004"/>
  <system-out/>
  <testcase classname="TestNG.Data_Provider_Demo" name="run_dataProvider" time="0.005"/>
  <system-out/>
  <testcase classname="TestNG.Data_Provider_Demo" name="run_dataProvider" time="0.005"/>
  <system-out/>
</testsuite> <!-- TestNG.Data_Provider_Demo -->
