<?xml version="1.0" encoding="UTF-8"?>
<!-- Generated by org.testng.reporters.JUnitReportReporter -->
<testsuite hostname="DESKTOP-AB28KPC" failures="0" tests="8" name="TestNG.Day_4" time="0.244" errors="0" timestamp="2021-01-26T15:09:15 IST" skipped="2">
  <testcase classname="TestNG.Day_4" name="test_3" time="0.045"/>
  <system-out/>
  <testcase classname="TestNG.Day_4" name="test_4" time="0.051"/>
  <system-out/>
  <testcase classname="TestNG.Day_4" name="test_4" time="0.050"/>
  <system-out/>
  <testcase classname="TestNG.Day_4" name="test_1" time="0.042"/>
  <system-out/>
  <testcase classname="TestNG.Day_4" name="test_1" time="0.017"/>
  <system-out/>
  <testcase classname="TestNG.Day_4" name="test_3" time="0.039"/>
  <system-out/>
  <testcase classname="TestNG.Day_4" name="test_2">
    <skipped/>
  </testcase> <!-- test_2 -->
  <system-out/>
  <testcase classname="TestNG.Day_4" name="test_2">
    <skipped/>
  </testcase> <!-- test_2 -->
  <system-out/>
</testsuite> <!-- TestNG.Day_4 -->
