<?xml version="1.0" encoding="UTF-8"?>
<!-- Generated by org.testng.reporters.JUnitReportReporter -->
<testsuite hostname="DESKTOP-AB28KPC" failures="0" tests="2" name="TestNG.Day_2" time="0.006" errors="0" timestamp="2021-01-26T15:09:15 IST" skipped="0">
  <testcase classname="TestNG.Day_2" name="mobile_loan" time="0.003"/>
  <system-out/>
  <testcase classname="TestNG.Day_2" name="home" time="0.003"/>
  <system-out/>
</testsuite> <!-- TestNG.Day_2 -->
