<?xml version="1.0" encoding="UTF-8"?>
<!-- Generated by org.testng.reporters.JUnitReportReporter -->
<testsuite hostname="DESKTOP-AB28KPC" failures="0" tests="4" name="TestNG.Day_1" time="0.029" errors="0" timestamp="2021-01-26T15:09:15 IST" skipped="0">
  <testcase classname="TestNG.Day_1" name="website_loan" time="0.004"/>
  <system-out/>
  <testcase classname="TestNG.Day_1" name="mobile_loan" time="0.002"/>
  <system-out/>
  <testcase classname="TestNG.Day_1" name="loan" time="0.011"/>
  <system-out/>
  <testcase classname="TestNG.Day_1" name="loan" time="0.012"/>
  <system-out/>
</testsuite> <!-- TestNG.Day_1 -->
