<?xml version="1.0" encoding="UTF-8"?>
<!-- Generated by org.testng.reporters.JUnitReportReporter -->
<testsuite hostname="raBi" failures="0" tests="1" name="randomTest.brokenLinksAmazon" time="34.403" errors="0" timestamp="2024-03-06T01:10:28 IST" skipped="0">
  <testcase classname="randomTest.brokenLinksAmazon" name="testBrokenLink" time="34.403"/>
  <system-out/>
</testsuite> <!-- randomTest.brokenLinksAmazon -->
