<?xml version="1.0" encoding="UTF-8"?>
<!-- Generated by org.testng.reporters.JUnitReportReporter -->
<testsuite hostname="LAPTOP-HSQD46T4" failures="0" tests="1" name="shadow_Elements.shadowElements" time="11.441" errors="0" timestamp="2022-06-06T09:01:44 IST" skipped="0">
  <testcase classname="shadow_Elements.shadowElements" name="shadowTestElements" time="11.441"/>
  <system-out/>
</testsuite> <!-- shadow_Elements.shadowElements -->
