<?xml version="1.0" encoding="UTF-8"?>
<!-- Generated by org.testng.reporters.JUnitReportReporter -->
<testsuite hostname="LAPTOP-HSQD46T4" failures="0" tests="1" name="adsBlock.adsBlockSelenium" time="44.850" errors="0" timestamp="2023-07-05T02:35:25 IST" skipped="0">
  <testcase classname="adsBlock.adsBlockSelenium" name="adsBlocksUsingExtensions" time="44.850"/>
  <system-out/>
</testsuite> <!-- adsBlock.adsBlockSelenium -->
