<?xml version="1.0" encoding="UTF-8"?>
<!-- Generated by org.testng.reporters.JUnitReportReporter -->
<testsuite hostname="raBi" failures="0" tests="1" name="randomTest.scrollToViewTest" time="19.865" errors="0" timestamp="2024-03-06T01:35:36 IST" skipped="0">
  <testcase classname="randomTest.scrollToViewTest" name="testScrollView" time="19.865"/>
  <system-out/>
</testsuite> <!-- randomTest.scrollToViewTest -->
