<?xml version="1.0" encoding="UTF-8"?>
<!-- Generated by org.testng.reporters.JUnitReportReporter -->
<testsuite hostname="raBi" failures="0" tests="1" name="randomTest.testLocaters" time="11.510" errors="0" timestamp="2024-03-06T01:34:24 IST" skipped="0">
  <testcase classname="randomTest.testLocaters" name="testLocatersMain" time="11.510"/>
  <system-out/>
</testsuite> <!-- randomTest.testLocaters -->
