<?xml version="1.0" encoding="UTF-8"?>
<!-- Generated by org.testng.reporters.JUnitReportReporter -->
<testsuite hostname="LAPTOP-HSQD46T4" failures="0" tests="1" name="randomTest.monkeyTesting" time="226.494" errors="0" timestamp="2022-07-10T18:00:04 IST" skipped="0">
  <testcase classname="randomTest.monkeyTesting" name="monkeyTestingRandomClick" time="226.494"/>
  <system-out/>
</testsuite> <!-- randomTest.monkeyTesting -->
