<?xml version="1.0" encoding="UTF-8"?>
<!-- Generated by org.testng.reporters.JUnitReportReporter -->
<testsuite hostname="LAPTOP-HSQD46T4" failures="0" tests="1" name="zoomOutzoomIn.zoomOutZoomInTest" time="21.821" errors="0" timestamp="2023-03-09T00:51:27 IST" skipped="0">
  <testcase classname="zoomOutzoomIn.zoomOutZoomInTest" name="zoomoutzoominBrowser" time="21.821"/>
  <system-out/>
</testsuite> <!-- zoomOutzoomIn.zoomOutZoomInTest -->
