<?xml version="1.0" encoding="UTF-8"?>
<!-- Generated by org.testng.reporters.JUnitReportReporter -->
<testsuite hostname="LAPTOP-HSQD46T4" failures="0" tests="1" name="com.roofhub.qa.TestCases.OrderPageTest" time="55.378" errors="0" timestamp="2022-04-03T16:07:41 IST" skipped="0">
  <testcase classname="com.roofhub.qa.TestCases.OrderPageTest" name="verifyplaceorder" time="55.378"/>
  <system-out/>
</testsuite> <!-- com.roofhub.qa.TestCases.OrderPageTest -->
