<?xml version="1.0" encoding="UTF-8"?>
<!-- Generated by org.testng.reporters.JUnitReportReporter -->
<testsuite hostname="LAPTOP-HSQD46T4" failures="0" tests="1" name="com.roofhub.qa.TestCases.RegisterPageTest" time="45.061" errors="0" timestamp="2022-04-03T16:07:41 IST" skipped="0">
  <testcase classname="com.roofhub.qa.TestCases.RegisterPageTest" name="verifyRegistration" time="45.061"/>
  <system-out/>
</testsuite> <!-- com.roofhub.qa.TestCases.RegisterPageTest -->
