<?xml version="1.0" encoding="UTF-8"?>
<!-- Generated by org.testng.reporters.JUnitReportReporter -->
<testsuite hostname="LAPTOP-HSQD46T4" failures="0" tests="3" name="com.roofhub.qa.TestCases.LoginPageTest" time="68.260" errors="0" timestamp="2022-04-02T13:05:43 IST" skipped="0">
  <testcase classname="com.roofhub.qa.TestCases.LoginPageTest" name="verifyloginwithvalidcredentials" time="20.693"/>
  <system-out/>
  <testcase classname="com.roofhub.qa.TestCases.LoginPageTest" name="verifyloginwithinvalidcredentials" time="13.272"/>
  <system-out/>
  <testcase classname="com.roofhub.qa.TestCases.LoginPageTest" name="verifylogout" time="34.295"/>
  <system-out/>
</testsuite> <!-- com.roofhub.qa.TestCases.LoginPageTest -->
