<?xml version="1.0" encoding="UTF-8"?>
<!-- Generated by org.testng.reporters.JUnitReportReporter -->
<testsuite hostname="DESKTOP-AB28KPC" failures="0" tests="1" name="com.test.extentreport.Extent_Report" time="1.544" errors="0" timestamp="2021-02-24T02:13:46 IST" skipped="0">
  <testcase classname="com.test.extentreport.Extent_Report" name="extentreport" time="1.544"/>
  <system-out/>
</testsuite> <!-- com.test.extentreport.Extent_Report -->
