<?xml version="1.0" encoding="UTF-8"?>
<!-- Generated by org.testng.reporters.JUnitReportReporter -->
<testsuite hostname="LAPTOP-HSQD46T4" failures="0" tests="1" name="endTOend.raBiProject.listeners_addskill" time="54.725" errors="0" timestamp="2021-05-09T01:52:51 IST" skipped="0">
  <testcase classname="endTOend.raBiProject.listeners_addskill" name="add_skills" time="54.725"/>
  <system-out/>
</testsuite> <!-- endTOend.raBiProject.listeners_addskill -->
