<?xml version="1.0" encoding="UTF-8"?>
<!-- Generated by org.testng.reporters.JUnitReportReporter -->
<testsuite hostname="DESKTOP-AB28KPC" failures="0" tests="1" name="endTOend.raBiProject.com_test" time="27.070" errors="0" timestamp="2021-03-02T01:23:23 IST" skipped="0">
  <testcase classname="endTOend.raBiProject.com_test" name="pageNavigation" time="27.070"/>
  <system-out/>
</testsuite> <!-- endTOend.raBiProject.com_test -->
