<?xml version="1.0" encoding="UTF-8"?>
<!-- Generated by org.testng.reporters.JUnitReportReporter -->
<testsuite hostname="LAPTOP-HSQD46T4" failures="0" tests="1" name="endTOend.raBiProject.home_page" time="15.184" errors="0" timestamp="2021-04-28T01:29:36 IST" skipped="0">
  <testcase classname="endTOend.raBiProject.home_page" name="pageNavigation" time="15.184"/>
  <system-out/>
</testsuite> <!-- endTOend.raBiProject.home_page -->
