<?xml version="1.0" encoding="UTF-8"?>
<!-- Generated by org.testng.reporters.JUnitReportReporter -->
<testsuite hostname="LAPTOP-HSQD46T4" failures="0" tests="1" name="rough.rough_class" time="20.402" errors="0" timestamp="2021-05-08T18:53:55 IST" skipped="0">
  <testcase classname="rough.rough_class" name="rough" time="20.402"/>
  <system-out/>
</testsuite> <!-- rough.rough_class -->
