<?xml version="1.0" encoding="UTF-8"?>
<!-- Generated by org.testng.reporters.JUnitReportReporter -->
<testsuite hostname="LAPTOP-HSQD46T4" failures="0" tests="1" name="rough.rough_class" time="0.033" errors="0" timestamp="2021-05-03T16:10:42 IST" skipped="0">
  <testcase classname="rough.rough_class" name="rough" time="0.033"/>
  <system-out/>
</testsuite> <!-- rough.rough_class -->
