<?xml version="1.0" encoding="UTF-8"?>
<!-- Generated by org.testng.reporters.JUnitReportReporter -->
<testsuite hostname="LAPTOP-HSQD46T4" failures="0" tests="1" name="endTOend_raBiProject.extentReports_vacancies" time="44.019" errors="0" timestamp="2021-05-12T00:05:14 IST" skipped="0">
  <testcase classname="endTOend_raBiProject.extentReports_vacancies" name="add_skills" time="44.019"/>
  <system-out/>
</testsuite> <!-- endTOend_raBiProject.extentReports_vacancies -->
