<?xml version="1.0" encoding="UTF-8"?>
<!-- Generated by org.testng.reporters.JUnitReportReporter -->
<testsuite hostname="LAPTOP-HSQD46T4" failures="0" tests="1" name="rough.rough_class" time="27.129" errors="0" timestamp="2021-05-12T23:10:08 IST" skipped="0">
  <testcase classname="rough.rough_class" name="leave_assign" time="27.129"/>
  <system-out/>
</testsuite> <!-- rough.rough_class -->
