<?xml version="1.0" encoding="UTF-8"?>
<!-- Generated by org.testng.reporters.JUnitReportReporter -->
<testsuite hostname="LAPTOP-HSQD46T4" failures="0" tests="1" name="endTOend.raBiProject.createJob" time="36.072" errors="0" timestamp="2021-04-30T01:55:25 IST" skipped="0">
  <testcase classname="endTOend.raBiProject.createJob" name="pageNavigation" time="36.072"/>
  <system-out/>
</testsuite> <!-- endTOend.raBiProject.createJob -->
